<?xml version="1.0" ?>
<coverage branch-rate="0" branches-covered="0" branches-valid="0" complexity="0" line-rate="0.9045" lines-covered="161" lines-valid="178" timestamp="1559486744697" version="4.5.2">
	<!-- Generated by coverage.py: https://coverage.readthedocs.io -->
	<!-- Based on https://raw.githubusercontent.com/cobertura/web/master/htdocs/xml/coverage-04.dtd -->
	<sources>
		<source>/Users/lucacappelletti/github/notipy_me</source>
	</sources>
	<packages>
		<package branch-rate="0" complexity="0" line-rate="0.8944" name="notipy_me">
			<classes>
				<class branch-rate="0" complexity="0" filename="notipy_me/__init__.py" line-rate="1" name="__init__.py">
					<methods/>
					<lines>
						<line hits="1" number="1"/>
					</lines>
				</class>
				<class branch-rate="0" complexity="0" filename="notipy_me/__version__.py" line-rate="1" name="__version__.py">
					<methods/>
					<lines>
						<line hits="1" number="1"/>
					</lines>
				</class>
				<class branch-rate="0" complexity="0" filename="notipy_me/notipy_me.py" line-rate="0.8931" name="notipy_me.py">
					<methods/>
					<lines>
						<line hits="1" number="1"/>
						<line hits="1" number="2"/>
						<line hits="1" number="3"/>
						<line hits="1" number="4"/>
						<line hits="1" number="5"/>
						<line hits="1" number="6"/>
						<line hits="1" number="7"/>
						<line hits="1" number="8"/>
						<line hits="1" number="9"/>
						<line hits="1" number="10"/>
						<line hits="1" number="11"/>
						<line hits="1" number="12"/>
						<line hits="1" number="13"/>
						<line hits="1" number="14"/>
						<line hits="1" number="15"/>
						<line hits="1" number="16"/>
						<line hits="1" number="17"/>
						<line hits="1" number="18"/>
						<line hits="1" number="19"/>
						<line hits="1" number="20"/>
						<line hits="1" number="22"/>
						<line hits="1" number="23"/>
						<line hits="1" number="25"/>
						<line hits="1" number="27"/>
						<line hits="1" number="28"/>
						<line hits="1" number="29"/>
						<line hits="1" number="30"/>
						<line hits="1" number="31"/>
						<line hits="1" number="32"/>
						<line hits="1" number="33"/>
						<line hits="1" number="34"/>
						<line hits="1" number="35"/>
						<line hits="1" number="36"/>
						<line hits="0" number="37"/>
						<line hits="1" number="38"/>
						<line hits="1" number="42"/>
						<line hits="1" number="47"/>
						<line hits="0" number="48"/>
						<line hits="1" number="49"/>
						<line hits="1" number="53"/>
						<line hits="0" number="54"/>
						<line hits="1" number="55"/>
						<line hits="1" number="60"/>
						<line hits="1" number="64"/>
						<line hits="0" number="65"/>
						<line hits="1" number="66"/>
						<line hits="1" number="69"/>
						<line hits="0" number="70"/>
						<line hits="1" number="73"/>
						<line hits="1" number="76"/>
						<line hits="1" number="77"/>
						<line hits="1" number="79"/>
						<line hits="1" number="80"/>
						<line hits="1" number="83"/>
						<line hits="1" number="84"/>
						<line hits="1" number="88"/>
						<line hits="1" number="89"/>
						<line hits="0" number="90"/>
						<line hits="0" number="91"/>
						<line hits="0" number="92"/>
						<line hits="1" number="95"/>
						<line hits="1" number="96"/>
						<line hits="1" number="98"/>
						<line hits="1" number="99"/>
						<line hits="1" number="103"/>
						<line hits="1" number="104"/>
						<line hits="1" number="106"/>
						<line hits="1" number="107"/>
						<line hits="1" number="108"/>
						<line hits="1" number="109"/>
						<line hits="0" number="110"/>
						<line hits="0" number="111"/>
						<line hits="1" number="113"/>
						<line hits="1" number="114"/>
						<line hits="1" number="116"/>
						<line hits="1" number="117"/>
						<line hits="1" number="118"/>
						<line hits="1" number="119"/>
						<line hits="0" number="121"/>
						<line hits="1" number="123"/>
						<line hits="1" number="124"/>
						<line hits="1" number="125"/>
						<line hits="1" number="127"/>
						<line hits="1" number="128"/>
						<line hits="1" number="130"/>
						<line hits="1" number="131"/>
						<line hits="1" number="132"/>
						<line hits="1" number="133"/>
						<line hits="1" number="134"/>
						<line hits="1" number="135"/>
						<line hits="1" number="136"/>
						<line hits="1" number="137"/>
						<line hits="1" number="138"/>
						<line hits="1" number="140"/>
						<line hits="1" number="142"/>
						<line hits="1" number="144"/>
						<line hits="1" number="145"/>
						<line hits="1" number="146"/>
						<line hits="1" number="148"/>
						<line hits="1" number="149"/>
						<line hits="1" number="150"/>
						<line hits="1" number="151"/>
						<line hits="1" number="152"/>
						<line hits="1" number="154"/>
						<line hits="1" number="155"/>
						<line hits="1" number="156"/>
						<line hits="1" number="158"/>
						<line hits="0" number="159"/>
						<line hits="0" number="160"/>
						<line hits="1" number="162"/>
						<line hits="1" number="163"/>
						<line hits="1" number="164"/>
						<line hits="1" number="166"/>
						<line hits="1" number="167"/>
						<line hits="1" number="168"/>
						<line hits="1" number="170"/>
						<line hits="1" number="171"/>
						<line hits="1" number="172"/>
						<line hits="1" number="174"/>
						<line hits="1" number="175"/>
						<line hits="1" number="176"/>
						<line hits="1" number="190"/>
						<line hits="1" number="191"/>
						<line hits="1" number="192"/>
						<line hits="1" number="193"/>
						<line hits="1" number="194"/>
						<line hits="1" number="195"/>
						<line hits="1" number="196"/>
						<line hits="1" number="197"/>
						<line hits="1" number="198"/>
						<line hits="1" number="199"/>
						<line hits="1" number="200"/>
						<line hits="1" number="201"/>
						<line hits="1" number="202"/>
						<line hits="1" number="203"/>
						<line hits="1" number="204"/>
						<line hits="1" number="205"/>
						<line hits="1" number="206"/>
						<line hits="1" number="208"/>
						<line hits="1" number="209"/>
						<line hits="0" number="210"/>
						<line hits="1" number="211"/>
						<line hits="1" number="214"/>
						<line hits="1" number="219"/>
						<line hits="1" number="220"/>
						<line hits="1" number="222"/>
						<line hits="1" number="223"/>
						<line hits="1" number="224"/>
						<line hits="1" number="225"/>
						<line hits="1" number="226"/>
						<line hits="1" number="227"/>
						<line hits="1" number="229"/>
						<line hits="1" number="230"/>
						<line hits="0" number="231"/>
						<line hits="1" number="232"/>
						<line hits="1" number="233"/>
						<line hits="1" number="234"/>
						<line hits="0" number="235"/>
						<line hits="0" number="236"/>
					</lines>
				</class>
			</classes>
		</package>
		<package branch-rate="0" complexity="0" line-rate="1" name="tests">
			<classes>
				<class branch-rate="0" complexity="0" filename="tests/__init__.py" line-rate="1" name="__init__.py">
					<methods/>
					<lines/>
				</class>
				<class branch-rate="0" complexity="0" filename="tests/test_notipy.py" line-rate="1" name="test_notipy.py">
					<methods/>
					<lines>
						<line hits="1" number="1"/>
						<line hits="1" number="2"/>
						<line hits="1" number="3"/>
						<line hits="1" number="5"/>
						<line hits="1" number="6"/>
						<line hits="1" number="7"/>
						<line hits="1" number="8"/>
						<line hits="1" number="9"/>
						<line hits="1" number="10"/>
						<line hits="1" number="11"/>
						<line hits="1" number="12"/>
						<line hits="1" number="13"/>
						<line hits="1" number="14"/>
					</lines>
				</class>
				<class branch-rate="0" complexity="0" filename="tests/test_version.py" line-rate="1" name="test_version.py">
					<methods/>
					<lines>
						<line hits="1" number="1"/>
						<line hits="1" number="2"/>
						<line hits="1" number="4"/>
						<line hits="1" number="5"/>
					</lines>
				</class>
			</classes>
		</package>
	</packages>
</coverage>
